*** Using Compiler 'V5.05 update 1 (build 106)', folder: 'E:\Keil_v5\ARM\ARMCC\Bin'
Rebuild target 'LED'
assembling startup_stm32f103xb.s...
compiling stm32f1xx_hal_gpio_ex.c...
compiling stm32f1xx_hal_adc_ex.c...
compiling stm32f1xx_hal_msp.c...
compiling adc.c...
compiling usart.c...
compiling tim.c...
compiling stm32f1xx_hal.c...
compiling gpio.c...
compiling stm32f1xx_hal_adc.c...
compiling stm32f1xx_it.c...
compiling stm32f1xx_hal_rcc.c...
compiling main.c...
compiling stm32f1xx_hal_flash_ex.c...
compiling stm32f1xx_hal_flash.c...
compiling stm32f1xx_hal_uart.c...
compiling stm32f1xx_hal_rcc_ex.c...
compiling stm32f1xx_hal_gpio.c...
compiling system_stm32f1xx.c...
compiling stm32f1xx_hal_pwr.c...
compiling pid.c...
compiling stm32f1xx_hal_exti.c...
compiling stm32f1xx_hal_cortex.c...
compiling stm32f1xx_hal_dma.c...
compiling inv_mpu_dmp_motion_driver.c...
compiling stm32f1xx_hal_tim_ex.c...
compiling cJSON.c...
compiling stm32f1xx_hal_tim.c...
compiling motor.c...
compiling oled.c...
compiling mpuiic.c...
compiling mpu6050.c...
compiling niming.c...
compiling HC_SR04.c...
compiling inv_mpu.c...
linking...
Program Size: Code=30064 RO-data=5832 RW-data=160 ZI-data=2984  
FromELF: creating hex file...
"LED\LED.axf" - 0 Error(s), 0 Warning(s).
Build Time Elapsed:  00:00:10
